running develop
running egg_info
creating node1pkg.egg-info
writing node1pkg.egg-info/PKG-INFO
writing dependency_links to node1pkg.egg-info/dependency_links.txt
writing entry points to node1pkg.egg-info/entry_points.txt
writing requirements to node1pkg.egg-info/requires.txt
writing top-level names to node1pkg.egg-info/top_level.txt
writing manifest file 'node1pkg.egg-info/SOURCES.txt'
reading manifest file 'node1pkg.egg-info/SOURCES.txt'
writing manifest file 'node1pkg.egg-info/SOURCES.txt'
running build_ext
Creating /home/isaac/ros2_ws/lab1/install/node1pkg/lib/python3.12/site-packages/node1pkg.egg-link (link to .)
Installing node1 script to /home/isaac/ros2_ws/lab1/install/node1pkg/lib/node1pkg

Installed /home/isaac/ros2_ws/lab1/build/node1pkg
running symlink_data
creating /home/isaac/ros2_ws/lab1/install/node1pkg/share/ament_index
creating /home/isaac/ros2_ws/lab1/install/node1pkg/share/ament_index/resource_index
creating /home/isaac/ros2_ws/lab1/install/node1pkg/share/ament_index/resource_index/packages
symbolically linking /home/isaac/ros2_ws/lab1/build/node1pkg/resource/node1pkg -> /home/isaac/ros2_ws/lab1/install/node1pkg/share/ament_index/resource_index/packages
symbolically linking /home/isaac/ros2_ws/lab1/build/node1pkg/package.xml -> /home/isaac/ros2_ws/lab1/install/node1pkg/share/node1pkg
