[0.403s] Invoking command in '/home/isaac/ros2_ws/lab1/build/node1pkg': DEBUGINFOD_URLS=https://debuginfod.ubuntu.com PYTHONPATH=/home/isaac/ros2_ws/lab1/build/node1pkg/prefix_override:/usr/lib/python3/dist-packages/colcon_core/task/python/colcon_distutils_commands:/home/isaac/ros2_ws/lab1/install/node1pkg/lib/python3.12/site-packages:${PYTHONPATH} /usr/bin/python3 -W ignore:setup.py install is deprecated -W ignore:easy_install command is deprecated setup.py develop --editable --build-directory /home/isaac/ros2_ws/lab1/build/node1pkg/build --no-deps symlink_data
[0.515s] running develop
[0.578s] running egg_info
[0.578s] creating node1pkg.egg-info
[0.584s] writing node1pkg.egg-info/PKG-INFO
[0.584s] writing dependency_links to node1pkg.egg-info/dependency_links.txt
[0.584s] writing entry points to node1pkg.egg-info/entry_points.txt
[0.584s] writing requirements to node1pkg.egg-info/requires.txt
[0.584s] writing top-level names to node1pkg.egg-info/top_level.txt
[0.584s] writing manifest file 'node1pkg.egg-info/SOURCES.txt'
[0.595s] reading manifest file 'node1pkg.egg-info/SOURCES.txt'
[0.596s] writing manifest file 'node1pkg.egg-info/SOURCES.txt'
[0.602s] running build_ext
[0.602s] Creating /home/isaac/ros2_ws/lab1/install/node1pkg/lib/python3.12/site-packages/node1pkg.egg-link (link to .)
[0.602s] Installing node1 script to /home/isaac/ros2_ws/lab1/install/node1pkg/lib/node1pkg
[0.602s] 
[0.602s] Installed /home/isaac/ros2_ws/lab1/build/node1pkg
[0.603s] running symlink_data
[0.603s] creating /home/isaac/ros2_ws/lab1/install/node1pkg/share/ament_index
[0.603s] creating /home/isaac/ros2_ws/lab1/install/node1pkg/share/ament_index/resource_index
[0.603s] creating /home/isaac/ros2_ws/lab1/install/node1pkg/share/ament_index/resource_index/packages
[0.603s] symbolically linking /home/isaac/ros2_ws/lab1/build/node1pkg/resource/node1pkg -> /home/isaac/ros2_ws/lab1/install/node1pkg/share/ament_index/resource_index/packages
[0.603s] symbolically linking /home/isaac/ros2_ws/lab1/build/node1pkg/package.xml -> /home/isaac/ros2_ws/lab1/install/node1pkg/share/node1pkg
[0.618s] Invoked command in '/home/isaac/ros2_ws/lab1/build/node1pkg' returned '0': DEBUGINFOD_URLS=https://debuginfod.ubuntu.com PYTHONPATH=/home/isaac/ros2_ws/lab1/build/node1pkg/prefix_override:/usr/lib/python3/dist-packages/colcon_core/task/python/colcon_distutils_commands:/home/isaac/ros2_ws/lab1/install/node1pkg/lib/python3.12/site-packages:${PYTHONPATH} /usr/bin/python3 -W ignore:setup.py install is deprecated -W ignore:easy_install command is deprecated setup.py develop --editable --build-directory /home/isaac/ros2_ws/lab1/build/node1pkg/build --no-deps symlink_data
