[0.406s] Invoking command in '/home/isaac/ros2_ws/lab1/build/node1pkg': DEBUGINFOD_URLS=https://debuginfod.ubuntu.com PYTHONPATH=/home/isaac/ros2_ws/lab1/build/node1pkg/prefix_override:/usr/lib/python3/dist-packages/colcon_core/task/python/colcon_distutils_commands:/home/isaac/ros2_ws/lab1/install/node1pkg/lib/python3.12/site-packages:${PYTHONPATH} /usr/bin/python3 -W ignore:setup.py install is deprecated -W ignore:easy_install command is deprecated setup.py develop --editable --build-directory /home/isaac/ros2_ws/lab1/build/node1pkg/build --no-deps symlink_data
[0.523s] running develop
[0.587s] running egg_info
[0.593s] writing node1pkg.egg-info/PKG-INFO
[0.593s] writing dependency_links to node1pkg.egg-info/dependency_links.txt
[0.593s] writing entry points to node1pkg.egg-info/entry_points.txt
[0.593s] writing requirements to node1pkg.egg-info/requires.txt
[0.593s] writing top-level names to node1pkg.egg-info/top_level.txt
[0.605s] reading manifest file 'node1pkg.egg-info/SOURCES.txt'
[0.605s] writing manifest file 'node1pkg.egg-info/SOURCES.txt'
[0.612s] running build_ext
[0.613s] Creating /home/isaac/ros2_ws/lab1/install/node1pkg/lib/python3.12/site-packages/node1pkg.egg-link (link to .)
[0.613s] Installing node1 script to /home/isaac/ros2_ws/lab1/install/node1pkg/lib/node1pkg
[0.613s] Installing node2 script to /home/isaac/ros2_ws/lab1/install/node1pkg/lib/node1pkg
[0.613s] Installing node3 script to /home/isaac/ros2_ws/lab1/install/node1pkg/lib/node1pkg
[0.613s] Installing node4 script to /home/isaac/ros2_ws/lab1/install/node1pkg/lib/node1pkg
[0.613s] 
[0.613s] Installed /home/isaac/ros2_ws/lab1/build/node1pkg
[0.613s] running symlink_data
[0.628s] Invoked command in '/home/isaac/ros2_ws/lab1/build/node1pkg' returned '0': DEBUGINFOD_URLS=https://debuginfod.ubuntu.com PYTHONPATH=/home/isaac/ros2_ws/lab1/build/node1pkg/prefix_override:/usr/lib/python3/dist-packages/colcon_core/task/python/colcon_distutils_commands:/home/isaac/ros2_ws/lab1/install/node1pkg/lib/python3.12/site-packages:${PYTHONPATH} /usr/bin/python3 -W ignore:setup.py install is deprecated -W ignore:easy_install command is deprecated setup.py develop --editable --build-directory /home/isaac/ros2_ws/lab1/build/node1pkg/build --no-deps symlink_data
